Using pre-set license
Built from '2020.3/release' branch; Version is '2020.3.15f2 (6cf78cb77498) revision 7141260'; Using compiler version '192528614'; Build Type 'Release'
OS: 'Windows 10 Pro; OS build 19043.1348; Version 2009; 64bit' Language: 'en' Physical Memory: 16337 MB
BatchMode: 1, IsHumanControllingUs: 0, StartBugReporterOnCrash: 0, Is64bit: 1, IsPro: 0

 COMMAND LINE ARGUMENTS:
D:\Unity\Hub\2020.3.15f2\Editor\Unity.exe
-adb2
-batchMode
-noUpm
-name
AssetImportWorker0
-projectPath
D:/Unity Projects/Cats And Dogs VS Universe
-logFile
Logs/AssetImportWorker0.log
-srvPort
52088
Successfully changed project path to: D:/Unity Projects/Cats And Dogs VS Universe
D:/Unity Projects/Cats And Dogs VS Universe
Using Asset Import Pipeline V2.
Refreshing native plugins compatible for Editor in 26.38 ms, found 2 plugins.
Preloading 0 native plugins for Editor in 0.00 ms.
Initialize engine version: 2020.3.15f2 (6cf78cb77498)
[Subsystems] Discovering subsystems at path D:/Unity/Hub/2020.3.15f2/Editor/Data/Resources/UnitySubsystems
[Subsystems] Discovering subsystems at path D:/Unity Projects/Cats And Dogs VS Universe/Assets
GfxDevice: creating device client; threaded=0
Direct3D:
    Version:  Direct3D 11.0 [level 11.1]
    Renderer: NVIDIA GeForce RTX 2080 (ID=0x1e87)
    Vendor:   
    VRAM:     8010 MB
    Driver:   27.21.14.5671
Initialize mono
Mono path[0] = 'D:/Unity/Hub/2020.3.15f2/Editor/Data/Managed'
Mono path[1] = 'D:/Unity/Hub/2020.3.15f2/Editor/Data/MonoBleedingEdge/lib/mono/unityjit'
Mono config path = 'D:/Unity/Hub/2020.3.15f2/Editor/Data/MonoBleedingEdge/etc'
Using monoOptions --debugger-agent=transport=dt_socket,embedding=1,server=y,suspend=n,address=127.0.0.1:56792
Begin MonoManager ReloadAssembly
Registering precompiled unity dll's ...
Register platform support module: D:/Unity/Hub/2020.3.15f2/Editor/Data/PlaybackEngines/WebGLSupport/UnityEditor.WebGL.Extensions.dll
Register platform support module: D:/Unity/Hub/2020.3.15f2/Editor/Data/PlaybackEngines/WindowsStandaloneSupport/UnityEditor.WindowsStandalone.Extensions.dll
Registered in 0.001310 seconds.
Native extension for WindowsStandalone target not found
Native extension for WebGL target not found
Refreshing native plugins compatible for Editor in 23.04 ms, found 2 plugins.
Preloading 0 native plugins for Editor in 0.00 ms.
Mono: successfully reloaded assembly
- Completed reload, in  1.137 seconds
Domain Reload Profiling:
	ReloadAssembly (1137ms)
		BeginReloadAssembly (59ms)
			ExecutionOrderSort (0ms)
			DisableScriptedObjects (0ms)
			BackupInstance (0ms)
			ReleaseScriptingObjects (0ms)
			CreateAndSetChildDomain (1ms)
		EndReloadAssembly (347ms)
			LoadAssemblies (58ms)
			RebuildTransferFunctionScriptingTraits (0ms)
			SetupTypeCache (131ms)
			ReleaseScriptCaches (0ms)
			RebuildScriptCaches (28ms)
			SetupLoadedEditorAssemblies (128ms)
				LogAssemblyErrors (0ms)
				InitializePlatformSupportModulesInManaged (4ms)
				SetLoadedEditorAssemblies (0ms)
				RefreshPlugins (23ms)
				BeforeProcessingInitializeOnLoad (9ms)
				ProcessInitializeOnLoadAttributes (69ms)
				ProcessInitializeOnLoadMethodAttributes (24ms)
				AfterProcessingInitializeOnLoad (0ms)
				EditorAssembliesLoaded (0ms)
			ExecutionOrderSort2 (0ms)
			AwakeInstancesAfterBackupRestoration (0ms)
Platform modules already initialized, skipping
Registering precompiled user dll's ...
Registered in 0.003211 seconds.
Begin MonoManager ReloadAssembly
Native extension for WindowsStandalone target not found
Native extension for WebGL target not found
Refreshing native plugins compatible for Editor in 0.26 ms, found 2 plugins.
Preloading 0 native plugins for Editor in 0.00 ms.
Mono: successfully reloaded assembly
- Completed reload, in  1.109 seconds
Domain Reload Profiling:
	ReloadAssembly (1110ms)
		BeginReloadAssembly (137ms)
			ExecutionOrderSort (0ms)
			DisableScriptedObjects (4ms)
			BackupInstance (0ms)
			ReleaseScriptingObjects (0ms)
			CreateAndSetChildDomain (16ms)
		EndReloadAssembly (925ms)
			LoadAssemblies (87ms)
			RebuildTransferFunctionScriptingTraits (0ms)
			SetupTypeCache (230ms)
			ReleaseScriptCaches (0ms)
			RebuildScriptCaches (36ms)
			SetupLoadedEditorAssemblies (510ms)
				LogAssemblyErrors (0ms)
				InitializePlatformSupportModulesInManaged (5ms)
				SetLoadedEditorAssemblies (0ms)
				RefreshPlugins (0ms)
				BeforeProcessingInitializeOnLoad (81ms)
				ProcessInitializeOnLoadAttributes (419ms)
				ProcessInitializeOnLoadMethodAttributes (3ms)
				AfterProcessingInitializeOnLoad (2ms)
				EditorAssembliesLoaded (0ms)
			ExecutionOrderSort2 (0ms)
			AwakeInstancesAfterBackupRestoration (5ms)
Platform modules already initialized, skipping
========================================================================
Worker process is ready to serve import requests
Launched and connected shader compiler UnityShaderCompiler.exe after 0.06 seconds
Refreshing native plugins compatible for Editor in 0.29 ms, found 2 plugins.
Preloading 0 native plugins for Editor in 0.00 ms.
Unloading 1396 Unused Serialized files (Serialized files now loaded: 0)
System memory in use before: 64.9 MB.
System memory in use after: 65.0 MB.

Unloading 19 unused Assets to reduce memory usage. Loaded Objects now: 1829.
Total: 2.714800 ms (FindLiveObjects: 0.147600 ms CreateObjectMapping: 0.045400 ms MarkObjects: 2.446400 ms  DeleteObjects: 0.074200 ms)

AssetImportParameters requested are different than current active one (requested -> active):
  custom:framework-win-MediaFoundation: 216162199b28c13a410421893ffa2e32 -> 
  custom:video-decoder-ogg-theora: a1e56fd34408186e4bbccfd4996cb3dc -> 
  custom:container-muxer-webm: aa71ff27fc2769a1b78a27578f13a17b -> 
  custom:container-demuxer-webm: 4f35f7cbe854078d1ac9338744f61a02 -> 
  custom:container-demuxer-ogg: 62fdf1f143b41e24485cea50d1cbac27 -> 
  custom:video-encoder-webm-vp8: eb34c28f22e8b96e1ab97ce403110664 -> 
  custom:video-decoder-webm-vp8: 9c59270c3fd7afecdb556c50c9e8de78 -> 
  custom:audio-decoder-ogg-vorbis: bf7c407c2cedff20999df2af8eb42d56 -> 
  custom:audio-encoder-webm-vorbis: bf7c407c2cedff20999df2af8eb42d56 -> 
========================================================================
Received Import Request.
  path: Assets/_Project
  artifactKey: Guid(da5aa377d3295b345ab62eab80d78593) Importer(815301076,1909f56bfc062723c751e8b465ee728b)
Start importing Assets/_Project using Guid(da5aa377d3295b345ab62eab80d78593) Importer(815301076,1909f56bfc062723c751e8b465ee728b)  -> (artifact id: '0ffe22c8527c77f17f9d8db1fea468bf') in 0.035475 seconds 
  Import took 0.037743 seconds .

========================================================================
Received Import Request.
  Time since last request: 228.496883 seconds.
  path: Assets/_Project/Animation
  artifactKey: Guid(7005e03d2970fc24f966a1a1d31c45e8) Importer(815301076,1909f56bfc062723c751e8b465ee728b)
Start importing Assets/_Project/Animation using Guid(7005e03d2970fc24f966a1a1d31c45e8) Importer(815301076,1909f56bfc062723c751e8b465ee728b)  -> (artifact id: '24eb2dd0a316be0636d17e56c9ac954a') in 0.020357 seconds 
  Import took 0.022604 seconds .

========================================================================
Received Import Request.
  Time since last request: 0.332372 seconds.
  path: Assets/_Project/Animation 1
  artifactKey: Guid(4df8febde36d1a94fbfb79ca81e973e1) Importer(815301076,1909f56bfc062723c751e8b465ee728b)
Start importing Assets/_Project/Animation 1 using Guid(4df8febde36d1a94fbfb79ca81e973e1) Importer(815301076,1909f56bfc062723c751e8b465ee728b)  -> (artifact id: 'f4427f6da10be42b5b129d7c64263d71') in 0.021394 seconds 
  Import took 0.023274 seconds .

========================================================================
Received Import Request.
  Time since last request: 11.709196 seconds.
  path: Assets/_Project/GameSetup
  artifactKey: Guid(4df8febde36d1a94fbfb79ca81e973e1) Importer(815301076,1909f56bfc062723c751e8b465ee728b)
Start importing Assets/_Project/GameSetup using Guid(4df8febde36d1a94fbfb79ca81e973e1) Importer(815301076,1909f56bfc062723c751e8b465ee728b)  -> (artifact id: '7bc86b5306c9072444d500ef7cbc9b6b') in 0.020964 seconds 
  Import took 0.022931 seconds .

========================================================================
Received Import Request.
  Time since last request: 1.015721 seconds.
  path: Assets/_Project/GameSetup 1
  artifactKey: Guid(d5024c5e4479b6c44a58f2f97a65599f) Importer(815301076,1909f56bfc062723c751e8b465ee728b)
Start importing Assets/_Project/GameSetup 1 using Guid(d5024c5e4479b6c44a58f2f97a65599f) Importer(815301076,1909f56bfc062723c751e8b465ee728b)  -> (artifact id: '6b51551077428e7fd87bba1fa97ebd62') in 0.022393 seconds 
  Import took 0.024515 seconds .

========================================================================
Received Import Request.
  Time since last request: 8.855900 seconds.
  path: Assets/_Project/Graphics
  artifactKey: Guid(d5024c5e4479b6c44a58f2f97a65599f) Importer(815301076,1909f56bfc062723c751e8b465ee728b)
Start importing Assets/_Project/Graphics using Guid(d5024c5e4479b6c44a58f2f97a65599f) Importer(815301076,1909f56bfc062723c751e8b465ee728b)  -> (artifact id: '449aa3ced57b7f5dc97aea09e0ab3d85') in 0.020234 seconds 
  Import took 0.022172 seconds .

========================================================================
Received Import Request.
  Time since last request: 0.867232 seconds.
  path: Assets/_Project/Graphics 1
  artifactKey: Guid(0a1470114cb2fe940860b27b57c81618) Importer(815301076,1909f56bfc062723c751e8b465ee728b)
Start importing Assets/_Project/Graphics 1 using Guid(0a1470114cb2fe940860b27b57c81618) Importer(815301076,1909f56bfc062723c751e8b465ee728b)  -> (artifact id: 'c621ab90c0b6b2d956a5799ad65287c8') in 0.021704 seconds 
  Import took 0.024022 seconds .

========================================================================
Received Import Request.
  Time since last request: 4.855144 seconds.
  path: Assets/_Project/Fonts
  artifactKey: Guid(0a1470114cb2fe940860b27b57c81618) Importer(815301076,1909f56bfc062723c751e8b465ee728b)
Start importing Assets/_Project/Fonts using Guid(0a1470114cb2fe940860b27b57c81618) Importer(815301076,1909f56bfc062723c751e8b465ee728b)  -> (artifact id: 'e5c9407694f48bd4af5cff4a6e920620') in 0.020483 seconds 
  Import took 0.022483 seconds .

========================================================================
Received Import Request.
  Time since last request: 0.666701 seconds.
  path: Assets/_Project/Fonts 1
  artifactKey: Guid(fbb5daed36781074c929d72270bf5be2) Importer(815301076,1909f56bfc062723c751e8b465ee728b)
Start importing Assets/_Project/Fonts 1 using Guid(fbb5daed36781074c929d72270bf5be2) Importer(815301076,1909f56bfc062723c751e8b465ee728b)  -> (artifact id: 'ae8f65339212fe3a36a2a21d238215c2') in 0.023454 seconds 
  Import took 0.026699 seconds .

========================================================================
Received Import Request.
  Time since last request: 1.318715 seconds.
  path: Assets/_Project/Audio
  artifactKey: Guid(fbb5daed36781074c929d72270bf5be2) Importer(815301076,1909f56bfc062723c751e8b465ee728b)
Start importing Assets/_Project/Audio using Guid(fbb5daed36781074c929d72270bf5be2) Importer(815301076,1909f56bfc062723c751e8b465ee728b)  -> (artifact id: '4c4e376dd582b3ca03f8f3083d65b2a7') in 0.021202 seconds 
  Import took 0.023503 seconds .

========================================================================
Received Import Request.
  Time since last request: 0.409714 seconds.
  path: Assets/_Project/Audio 1
  artifactKey: Guid(ea617b4442b8a704fac0109aacb185df) Importer(815301076,1909f56bfc062723c751e8b465ee728b)
Start importing Assets/_Project/Audio 1 using Guid(ea617b4442b8a704fac0109aacb185df) Importer(815301076,1909f56bfc062723c751e8b465ee728b)  -> (artifact id: 'f83cb212910c25515fb4c926a2a28fa9') in 0.022125 seconds 
  Import took 0.024448 seconds .

========================================================================
Received Import Request.
  Time since last request: 4.570411 seconds.
  path: Assets/_Project/Icons
  artifactKey: Guid(ea617b4442b8a704fac0109aacb185df) Importer(815301076,1909f56bfc062723c751e8b465ee728b)
Start importing Assets/_Project/Icons using Guid(ea617b4442b8a704fac0109aacb185df) Importer(815301076,1909f56bfc062723c751e8b465ee728b)  -> (artifact id: '51b78aafe198d4ae4db0fe20583cf7cb') in 0.021301 seconds 
  Import took 0.023265 seconds .

========================================================================
Received Import Request.
  Time since last request: 0.605715 seconds.
  path: Assets/_Project/Icons 1
  artifactKey: Guid(8ea7a4abf84ef3c4c97280eedfea5f59) Importer(815301076,1909f56bfc062723c751e8b465ee728b)
Start importing Assets/_Project/Icons 1 using Guid(8ea7a4abf84ef3c4c97280eedfea5f59) Importer(815301076,1909f56bfc062723c751e8b465ee728b)  -> (artifact id: '079ba53498f00cd59f09cbf570ef461a') in 0.022138 seconds 
  Import took 0.024054 seconds .

========================================================================
Received Import Request.
  Time since last request: 2.842580 seconds.
  path: Assets/_Project/Materials
  artifactKey: Guid(8ea7a4abf84ef3c4c97280eedfea5f59) Importer(815301076,1909f56bfc062723c751e8b465ee728b)
Start importing Assets/_Project/Materials using Guid(8ea7a4abf84ef3c4c97280eedfea5f59) Importer(815301076,1909f56bfc062723c751e8b465ee728b)  -> (artifact id: 'f779f0d04f6c6e91610296218d5a3693') in 0.024879 seconds 
  Import took 0.027083 seconds .

========================================================================
Received Import Request.
  Time since last request: 0.254078 seconds.
  path: Assets/_Project/Materials 1
  artifactKey: Guid(5e2daa018180b8640af9ea1d1ade7f2a) Importer(815301076,1909f56bfc062723c751e8b465ee728b)
Start importing Assets/_Project/Materials 1 using Guid(5e2daa018180b8640af9ea1d1ade7f2a) Importer(815301076,1909f56bfc062723c751e8b465ee728b)  -> (artifact id: '9c0958927da2a1972a82745f0d9cec90') in 0.021129 seconds 
  Import took 0.023123 seconds .

========================================================================
Received Import Request.
  Time since last request: 2.021565 seconds.
  path: Assets/_Project/Models
  artifactKey: Guid(5e2daa018180b8640af9ea1d1ade7f2a) Importer(815301076,1909f56bfc062723c751e8b465ee728b)
Start importing Assets/_Project/Models using Guid(5e2daa018180b8640af9ea1d1ade7f2a) Importer(815301076,1909f56bfc062723c751e8b465ee728b)  -> (artifact id: 'c94bd175d52487bdcc837121b0e533a7') in 0.020760 seconds 
  Import took 0.022681 seconds .

========================================================================
Received Import Request.
  Time since last request: 1.135086 seconds.
  path: Assets/_Project/Models 1
  artifactKey: Guid(1fd88fc237290704a95e38475f793516) Importer(815301076,1909f56bfc062723c751e8b465ee728b)
Start importing Assets/_Project/Models 1 using Guid(1fd88fc237290704a95e38475f793516) Importer(815301076,1909f56bfc062723c751e8b465ee728b)  -> (artifact id: '4bc84699a0d4677e6fe95080040e11f1') in 0.021661 seconds 
  Import took 0.023540 seconds .

========================================================================
Received Import Request.
  Time since last request: 2.170607 seconds.
  path: Assets/_Project/Scenes
  artifactKey: Guid(8e73a640bd755834aaddcfbf062342f3) Importer(815301076,1909f56bfc062723c751e8b465ee728b)
Start importing Assets/_Project/Scenes using Guid(8e73a640bd755834aaddcfbf062342f3) Importer(815301076,1909f56bfc062723c751e8b465ee728b)  -> (artifact id: 'bb6b6d5ab54f014e3d97632b0d630a5a') in 0.021403 seconds 
  Import took 0.023654 seconds .

========================================================================
Received Import Request.
  Time since last request: 4.971905 seconds.
  path: Assets/_Project/Physics
  artifactKey: Guid(1fd88fc237290704a95e38475f793516) Importer(815301076,1909f56bfc062723c751e8b465ee728b)
Start importing Assets/_Project/Physics using Guid(1fd88fc237290704a95e38475f793516) Importer(815301076,1909f56bfc062723c751e8b465ee728b)  -> (artifact id: 'c0e4606ff2702c796c5cf36bc9c5e859') in 0.021698 seconds 
  Import took 0.023867 seconds .

========================================================================
Received Import Request.
  Time since last request: 0.593882 seconds.
  path: Assets/_Project/Physics 1
  artifactKey: Guid(6fc5cb92f0012a0409dfb868effff5d5) Importer(815301076,1909f56bfc062723c751e8b465ee728b)
Start importing Assets/_Project/Physics 1 using Guid(6fc5cb92f0012a0409dfb868effff5d5) Importer(815301076,1909f56bfc062723c751e8b465ee728b)  -> (artifact id: 'fd8f5455ce04eca45a2e664e0e737dd7') in 0.022398 seconds 
  Import took 0.025005 seconds .

========================================================================
Received Import Request.
  Time since last request: 1.663548 seconds.
  path: Assets/_Project/Prefabs
  artifactKey: Guid(6fc5cb92f0012a0409dfb868effff5d5) Importer(815301076,1909f56bfc062723c751e8b465ee728b)
Start importing Assets/_Project/Prefabs using Guid(6fc5cb92f0012a0409dfb868effff5d5) Importer(815301076,1909f56bfc062723c751e8b465ee728b)  -> (artifact id: '938662c3c224331800196fae948c9f7d') in 0.021064 seconds 
  Import took 0.023069 seconds .

========================================================================
Received Import Request.
  Time since last request: 1.858831 seconds.
  path: Assets/_Project/Prefabs 1
  artifactKey: Guid(8b37acb0fa646c84284eca1ad28e688a) Importer(815301076,1909f56bfc062723c751e8b465ee728b)
Start importing Assets/_Project/Prefabs 1 using Guid(8b37acb0fa646c84284eca1ad28e688a) Importer(815301076,1909f56bfc062723c751e8b465ee728b)  -> (artifact id: '0555db20c5ff3d8c208b6c5b4b1893d2') in 0.021356 seconds 
  Import took 0.023543 seconds .

========================================================================
Received Import Request.
  Time since last request: 6.069962 seconds.
  path: Assets/_Project/Scripts
  artifactKey: Guid(8b37acb0fa646c84284eca1ad28e688a) Importer(815301076,1909f56bfc062723c751e8b465ee728b)
Start importing Assets/_Project/Scripts using Guid(8b37acb0fa646c84284eca1ad28e688a) Importer(815301076,1909f56bfc062723c751e8b465ee728b)  -> (artifact id: '64ef53bd98469a3ee79c351077860c29') in 0.020843 seconds 
  Import took 0.023055 seconds .

========================================================================
Received Import Request.
  Time since last request: 40.946162 seconds.
  path: Assets/_Project/Scenes/SampleScene.unity
  artifactKey: Guid(9fc0d4010bbf28b4594072e72b8655ab) Importer(815301076,1909f56bfc062723c751e8b465ee728b)
Start importing Assets/_Project/Scenes/SampleScene.unity using Guid(9fc0d4010bbf28b4594072e72b8655ab) Importer(815301076,1909f56bfc062723c751e8b465ee728b)  -> (artifact id: '85059f4f9e1a832ed95adaa0d25c5c4c') in 0.028986 seconds 
  Import took 0.030940 seconds .

========================================================================
Received Import Request.
  Time since last request: 3.566387 seconds.
  path: Assets/_Project/Scenes/SampleScene 1.unity
  artifactKey: Guid(d82323b0ab3b9c7418c23914b5afc0ed) Importer(815301076,1909f56bfc062723c751e8b465ee728b)
Start importing Assets/_Project/Scenes/SampleScene 1.unity using Guid(d82323b0ab3b9c7418c23914b5afc0ed) Importer(815301076,1909f56bfc062723c751e8b465ee728b)  -> (artifact id: '2028d02c5d85127464fb40df067d97b8') in 0.022255 seconds 
  Import took 0.024230 seconds .

========================================================================
Received Import Request.
  Time since last request: 7.567772 seconds.
  path: Assets/_Project/Scenes/Playground.unity
  artifactKey: Guid(d82323b0ab3b9c7418c23914b5afc0ed) Importer(815301076,1909f56bfc062723c751e8b465ee728b)
Start importing Assets/_Project/Scenes/Playground.unity using Guid(d82323b0ab3b9c7418c23914b5afc0ed) Importer(815301076,1909f56bfc062723c751e8b465ee728b)  -> (artifact id: '6a24ca76c15409d2690bb0459c87a031') in 0.021624 seconds 
  Import took 0.023558 seconds .

